20101202 14:48:04	redirect2SsoServer	http://u.uc.cn/index.php?r=sso/auth&appKey=sanguo&backUrl=http%3A%2F%2Flocalhost%2Fsdk%2FUzoneApiClientForPHP%2Fexamples%2Fhello.php&v=2.0&sig=d7de3c489a9c6fc9719deb12c5f6fca2
20101202 14:48:04	httpRequest	http://api.u.uc.cn/restserver.php?uids=1005386%2C123456&method=user.getInfo&appKey=sanguo&v=2.0&sig=63d2d3c4cfe860930e1a5810e9917ecf
20101202 14:48:04	parseResponse	{"status":"error","code":"405","msg":"Invalid uzone_token","data":[]}	Invalid uzone_token
20101202 14:48:04	httpRequest	http://api.u.uc.cn/restserver.php?method=friends.get&appKey=sanguo&v=2.0&sig=568becf4b557b8b3b9fcae860dd641be
20101202 14:48:04	parseResponse	{"status":"error","code":"405","msg":"Invalid uzone_token","data":[]}	Invalid uzone_token
20101202 14:48:04	httpRequest	http://api.u.uc.cn/restserver.php?page=1&pageSize=10&method=friends.getFriends&appKey=sanguo&v=2.0&sig=694106b6d78f8452be02302c6e071230
20101202 14:48:04	parseResponse	{"status":"error","code":"405","msg":"Invalid uzone_token","data":[]}	Invalid uzone_token
20101202 14:48:04	httpRequest	http://api.u.uc.cn/restserver.php?method=util.getUcParam&appKey=sanguo&v=2.0&sig=5edb32bafaa89d173696d47211bbc77e
20101202 14:48:04	parseResponse	{"status":"error","code":"405","msg":"Invalid uzone_token","data":[]}	Invalid uzone_token
20101202 14:48:04	httpRequest	http://api.u.uc.cn/restserver.php?method=pay.getBalance&appKey=sanguo&v=2.0&sig=54213350abe730c320c35b3ede9b422e
20101202 14:48:04	parseResponse	{"status":"error","code":"405","msg":"Invalid uzone_token","data":[]}	Invalid uzone_token
20101202 14:48:04	httpRequest	http://api.u.uc.cn/restserver.php?reason=%3A10%3A%E5%8A%A0%E9%80%9F%E5%8D%A1&amount=10&method=pay.withdraw&appKey=sanguo&v=2.0&sig=c83ae1e727b7afb3f8de8f5aff4ea7bc
20101202 14:48:04	parseResponse	{"status":"error","code":"405","msg":"Invalid uzone_token","data":[]}	Invalid uzone_token
20101202 14:48:18	parseUzoneToken	start	EcBeXUSer/tCj/dAdS6SycXvEJlSkYQdPB3GVMZfhWyPjAXXtOM5pqO1NIfz48VA9uXiy4cRGBYBKj4vIKHMqg==
20101202 14:48:18	parseUzoneToken	finish	
20101202 14:48:18	redirect2SsoServer	http://u.uc.cn/index.php?r=sso/auth&appKey=sanguo&backUrl=http%3A%2F%2Flocalhost%2Fsdk%2FUzoneApiClientForPHP%2Fexamples%2Fhello.php&v=2.0&sig=d7de3c489a9c6fc9719deb12c5f6fca2
20101202 14:48:18	httpRequest	http://api.u.uc.cn/restserver.php?uids=1005386%2C123456&method=user.getInfo&appKey=sanguo&v=2.0&uzone_token=EcBeXUSer%2FtCj%2FdAdS6SycXvEJlSkYQdPB3GVMZfhWyPjAXXtOM5pqO1NIfz48VA9uXiy4cRGBYBKj4vIKHMqg%3D%3D&sig=d7c2ba8642c91718fc9bae01f5af6628
20101202 14:48:18	parseResponse	{"status":"ok","code":"200","msg":"","data":[{"uid":"1005386","real_name":"\u674e\u5927","avatar":"http:\/\/u.uc.cn\/imgproxy\/avatar\/default\/normal\/show.jpg","sex":"1","mood":"","birthday":"631123200"},{"uid":"123456","real_name":"","avatar":"http:\/\/u.uc.cn\/imgproxy\/avatar\/default\/normal\/show.jpg","sex":"0","mood":"","birthday":""}]}	
20101202 14:48:18	httpRequest	http://api.u.uc.cn/restserver.php?method=friends.get&appKey=sanguo&v=2.0&uzone_token=EcBeXUSer%2FtCj%2FdAdS6SycXvEJlSkYQdPB3GVMZfhWyPjAXXtOM5pqO1NIfz48VA9uXiy4cRGBYBKj4vIKHMqg%3D%3D&sig=2eb8d3a333481add138a4665698d7589
20101202 14:48:18	parseResponse	{"status":"ok","code":"200","msg":"","data":[11167903]}	
20101202 14:48:18	httpRequest	http://api.u.uc.cn/restserver.php?page=1&pageSize=10&method=friends.getFriends&appKey=sanguo&v=2.0&uzone_token=EcBeXUSer%2FtCj%2FdAdS6SycXvEJlSkYQdPB3GVMZfhWyPjAXXtOM5pqO1NIfz48VA9uXiy4cRGBYBKj4vIKHMqg%3D%3D&sig=6533c98bc13ac8f6f15b5a236a4649cf
20101202 14:48:18	parseResponse	{"status":"ok","code":"200","msg":"","data":[{"uid":11167903,"real_name":"ok","mood":"","avatar":"http:\/\/u.uc.cn\/imgproxy\/avatar\/2\/normal\/show.jpg","sex":"1","birthday":""}]}	
20101202 14:48:18	httpRequest	http://api.u.uc.cn/restserver.php?method=util.getUcParam&appKey=sanguo&v=2.0&uzone_token=EcBeXUSer%2FtCj%2FdAdS6SycXvEJlSkYQdPB3GVMZfhWyPjAXXtOM5pqO1NIfz48VA9uXiy4cRGBYBKj4vIKHMqg%3D%3D&sig=cb1445909f9aada564f59f3d18f8b81f
20101202 14:48:18	parseResponse	{"status":"ok","code":"200","msg":"","data":{"ua":"IPhone","pf":"38","ve":"7.5.2.57","dn":"2865122108-48dd5752"}}	
20101202 14:48:18	httpRequest	http://api.u.uc.cn/restserver.php?method=pay.getBalance&appKey=sanguo&v=2.0&uzone_token=EcBeXUSer%2FtCj%2FdAdS6SycXvEJlSkYQdPB3GVMZfhWyPjAXXtOM5pqO1NIfz48VA9uXiy4cRGBYBKj4vIKHMqg%3D%3D&sig=dd12ac94e9549ed7d7da0009c3e1ca34
20101202 14:48:18	parseResponse	{"status":"ok","code":"200","msg":"","data":"0"}	
20101202 14:48:18	httpRequest	http://api.u.uc.cn/restserver.php?reason=%3A10%3A%E5%8A%A0%E9%80%9F%E5%8D%A1&amount=10&method=pay.withdraw&appKey=sanguo&v=2.0&uzone_token=EcBeXUSer%2FtCj%2FdAdS6SycXvEJlSkYQdPB3GVMZfhWyPjAXXtOM5pqO1NIfz48VA9uXiy4cRGBYBKj4vIKHMqg%3D%3D&sig=b334c56cd2a79f34b84d330f8f9999c0
20101202 14:48:18	parseResponse	{"status":"error","code":"200","msg":"fail_auth","data":""}	fail_auth
20101202 18:51:17	parseUzoneToken	start	WZN3prZszLW86euiJ/HaiMBXqfZPkEp2+Ao3Dji3LGuJXaRxctKVTa1/TLN0jZmjn1qBR/trdPtDRr52Q410vg==
20101202 18:51:17	parseUzoneToken	finish	
20101202 18:51:17	redirect2SsoServer	http://u.uc.cn/index.php?r=sso/auth&appKey=sanguo&backUrl=http%3A%2F%2Flocalhost%2Fsdk%2FUzoneApiClientForPHP%2Fexamples%2Fhello.php&v=2.0&sig=d7de3c489a9c6fc9719deb12c5f6fca2
20101202 18:51:17	httpRequest	http://api.u.uc.cn/restserver.php?uids=1005386%2C123456&method=user.getInfo&appKey=sanguo&v=2.0&uzone_token=WZN3prZszLW86euiJ%2FHaiMBXqfZPkEp2%2BAo3Dji3LGuJXaRxctKVTa1%2FTLN0jZmjn1qBR%2FtrdPtDRr52Q410vg%3D%3D&sig=61f64d4bee6fd0cb69038192e3758033
20101202 18:51:17	parseResponse	{"status":"ok","code":"200","msg":"","data":[{"uid":"1005386","real_name":"\u674e\u5927","avatar":"http:\/\/u.uc.cn\/imgproxy\/avatar\/default\/normal\/show.jpg","sex":"1","mood":"","birthday":"631123200"},{"uid":"123456","real_name":"","avatar":"http:\/\/u.uc.cn\/imgproxy\/avatar\/default\/normal\/show.jpg","sex":"0","mood":"","birthday":""}]}	
20101202 18:51:17	httpRequest	http://api.u.uc.cn/restserver.php?method=friends.get&appKey=sanguo&v=2.0&uzone_token=WZN3prZszLW86euiJ%2FHaiMBXqfZPkEp2%2BAo3Dji3LGuJXaRxctKVTa1%2FTLN0jZmjn1qBR%2FtrdPtDRr52Q410vg%3D%3D&sig=29bcd7de805d2189cc1494abe5652eac
20101202 18:51:17	parseResponse	{"status":"ok","code":"200","msg":"","data":[11167903]}	
20101202 18:51:17	httpRequest	http://api.u.uc.cn/restserver.php?page=1&pageSize=10&method=friends.getFriends&appKey=sanguo&v=2.0&uzone_token=WZN3prZszLW86euiJ%2FHaiMBXqfZPkEp2%2BAo3Dji3LGuJXaRxctKVTa1%2FTLN0jZmjn1qBR%2FtrdPtDRr52Q410vg%3D%3D&sig=62d854dcb19b5f8f8acdf4ba009ded7c
20101202 18:51:17	parseResponse	{"status":"ok","code":"200","msg":"","data":[{"uid":11167903,"real_name":"ok","mood":"","avatar":"http:\/\/u.uc.cn\/imgproxy\/avatar\/2\/normal\/show.jpg","sex":"1","birthday":""}]}	
20101202 18:51:17	httpRequest	http://api.u.uc.cn/restserver.php?method=util.getUcParam&appKey=sanguo&v=2.0&uzone_token=WZN3prZszLW86euiJ%2FHaiMBXqfZPkEp2%2BAo3Dji3LGuJXaRxctKVTa1%2FTLN0jZmjn1qBR%2FtrdPtDRr52Q410vg%3D%3D&sig=2b679f6ef5c0fe3a347605257608f836
20101202 18:51:17	parseResponse	{"status":"ok","code":"200","msg":"","data":{"ua":"IPhone","pf":"38","ve":"7.5.2.57","dn":"2865122108-48dd5752"}}	
20101202 18:51:17	httpRequest	http://api.u.uc.cn/restserver.php?method=pay.getBalance&appKey=sanguo&v=2.0&uzone_token=WZN3prZszLW86euiJ%2FHaiMBXqfZPkEp2%2BAo3Dji3LGuJXaRxctKVTa1%2FTLN0jZmjn1qBR%2FtrdPtDRr52Q410vg%3D%3D&sig=6eccf23c5b925626c5437db1de8c8e27
20101202 18:51:17	parseResponse	{"status":"ok","code":"200","msg":"","data":"0"}	
20101202 18:51:17	httpRequest	http://api.u.uc.cn/restserver.php?reason=%3A10%3A%E5%8A%A0%E9%80%9F%E5%8D%A1&amount=10&method=pay.withdraw&appKey=sanguo&v=2.0&uzone_token=WZN3prZszLW86euiJ%2FHaiMBXqfZPkEp2%2BAo3Dji3LGuJXaRxctKVTa1%2FTLN0jZmjn1qBR%2FtrdPtDRr52Q410vg%3D%3D&sig=13e32a1859cedc1b536ebff6bb4e1e38
20101202 18:51:17	parseResponse	{"status":"error","code":"200","msg":"fail_auth","data":""}	fail_auth
