20101206 14:29:54	`open_time=0.055`api=http://api.u.uc.cn/restserver.php?uids=1005386%2C123456&method=user.getInfo&appKey=sanguo&v=2.0&sig=63d2d3c4cfe860930e1a5810e9917ecf`
20101206 14:29:54	`open_time=0.006`api=http://api.u.uc.cn/restserver.php?method=friends.get&appKey=sanguo&v=2.0&sig=568becf4b557b8b3b9fcae860dd641be`
20101206 14:29:54	`open_time=0.005`api=http://api.u.uc.cn/restserver.php?page=1&pageSize=10&method=friends.getFriends&appKey=sanguo&v=2.0&sig=694106b6d78f8452be02302c6e071230`
20101206 14:29:54	`open_time=0.008`api=http://api.u.uc.cn/restserver.php?method=util.getUcParam&appKey=sanguo&v=2.0&sig=5edb32bafaa89d173696d47211bbc77e`
20101206 14:29:54	`open_time=0.008`api=http://api.u.uc.cn/restserver.php?method=pay.getBalance&appKey=sanguo&v=2.0&sig=54213350abe730c320c35b3ede9b422e`
20101206 14:29:54	`open_time=0.006`api=http://api.u.uc.cn/restserver.php?reason=%3A10%3A%E5%8A%A0%E9%80%9F%E5%8D%A1&amount=10&method=pay.withdraw&appKey=sanguo&v=2.0&sig=c83ae1e727b7afb3f8de8f5aff4ea7bc`
20101206 14:35:00	`open_time=0.007`api=http://api.u.uc.cn/restserver.php?uids=1005386%2C123456&method=user.getInfo&appKey=sanguo&v=2.0&sig=63d2d3c4cfe860930e1a5810e9917ecf`
20101206 14:35:00	`open_time=0.008`api=http://api.u.uc.cn/restserver.php?method=friends.get&appKey=sanguo&v=2.0&sig=568becf4b557b8b3b9fcae860dd641be`
20101206 14:35:00	`open_time=0.012`api=http://api.u.uc.cn/restserver.php?page=1&pageSize=10&method=friends.getFriends&appKey=sanguo&v=2.0&sig=694106b6d78f8452be02302c6e071230`
20101206 14:35:00	`open_time=0.009`api=http://api.u.uc.cn/restserver.php?method=util.getUcParam&appKey=sanguo&v=2.0&sig=5edb32bafaa89d173696d47211bbc77e`
20101206 14:35:00	`open_time=0.006`api=http://api.u.uc.cn/restserver.php?method=pay.getBalance&appKey=sanguo&v=2.0&sig=54213350abe730c320c35b3ede9b422e`
20101206 14:35:00	`open_time=0.006`api=http://api.u.uc.cn/restserver.php?reason=%3A10%3A%E5%8A%A0%E9%80%9F%E5%8D%A1&amount=10&method=pay.withdraw&appKey=sanguo&v=2.0&sig=c83ae1e727b7afb3f8de8f5aff4ea7bc`
20101206 14:35:00	`open_time=0.076`api=http://api.u.uc.cn/restserver.php?uids=1005386%2C123456&method=user.getInfo&appKey=sanguo&v=2.0&uzone_token=DaKdZdsuQP%2FBxTph59mE2SW%2FwAsITBZ6qtt162iad9CHpc4oQmSTazB3fXlQTgBI%2BTulY5lTI%2BSMGU5YPnVkHA%3D%3D&sig=c5ed1dd19cfbec82ba7c5b308b6f7724`
20101206 14:35:00	`open_time=0.041`api=http://api.u.uc.cn/restserver.php?method=friends.get&appKey=sanguo&v=2.0&uzone_token=DaKdZdsuQP%2FBxTph59mE2SW%2FwAsITBZ6qtt162iad9CHpc4oQmSTazB3fXlQTgBI%2BTulY5lTI%2BSMGU5YPnVkHA%3D%3D&sig=35914ab8a1d0c9bd642fd6b08301e4a8`
20101206 14:35:00	`open_time=0.058`api=http://api.u.uc.cn/restserver.php?page=1&pageSize=10&method=friends.getFriends&appKey=sanguo&v=2.0&uzone_token=DaKdZdsuQP%2FBxTph59mE2SW%2FwAsITBZ6qtt162iad9CHpc4oQmSTazB3fXlQTgBI%2BTulY5lTI%2BSMGU5YPnVkHA%3D%3D&sig=f3862a19d87215e37d859e3fa5fbda01`
20101206 14:35:00	`open_time=0.066`api=http://api.u.uc.cn/restserver.php?method=util.getUcParam&appKey=sanguo&v=2.0&uzone_token=DaKdZdsuQP%2FBxTph59mE2SW%2FwAsITBZ6qtt162iad9CHpc4oQmSTazB3fXlQTgBI%2BTulY5lTI%2BSMGU5YPnVkHA%3D%3D&sig=5d65e165979e651d7c4db19beec08c58`
20101206 14:35:01	`open_time=0.042`api=http://api.u.uc.cn/restserver.php?method=pay.getBalance&appKey=sanguo&v=2.0&uzone_token=DaKdZdsuQP%2FBxTph59mE2SW%2FwAsITBZ6qtt162iad9CHpc4oQmSTazB3fXlQTgBI%2BTulY5lTI%2BSMGU5YPnVkHA%3D%3D&sig=69c3e3c05ebbb1b289b14d140b351a43`
20101206 14:35:01	`open_time=0.036`api=http://api.u.uc.cn/restserver.php?reason=%3A10%3A%E5%8A%A0%E9%80%9F%E5%8D%A1&amount=10&method=pay.withdraw&appKey=sanguo&v=2.0&uzone_token=DaKdZdsuQP%2FBxTph59mE2SW%2FwAsITBZ6qtt162iad9CHpc4oQmSTazB3fXlQTgBI%2BTulY5lTI%2BSMGU5YPnVkHA%3D%3D&sig=e6b999b22170bc598007c71fc8e8f190`
20101206 14:35:10	`open_time=0.011`api=http://api.u.uc.cn/restserver.php?uids=1005386%2C123456&method=user.getInfo&appKey=sanguo&v=2.0&sig=63d2d3c4cfe860930e1a5810e9917ecf`
20101206 14:35:10	`open_time=0.006`api=http://api.u.uc.cn/restserver.php?method=friends.get&appKey=sanguo&v=2.0&sig=568becf4b557b8b3b9fcae860dd641be`
20101206 14:35:10	`open_time=0.009`api=http://api.u.uc.cn/restserver.php?page=1&pageSize=10&method=friends.getFriends&appKey=sanguo&v=2.0&sig=694106b6d78f8452be02302c6e071230`
20101206 14:35:10	`open_time=0.006`api=http://api.u.uc.cn/restserver.php?method=util.getUcParam&appKey=sanguo&v=2.0&sig=5edb32bafaa89d173696d47211bbc77e`
20101206 14:35:10	`open_time=0.005`api=http://api.u.uc.cn/restserver.php?method=pay.getBalance&appKey=sanguo&v=2.0&sig=54213350abe730c320c35b3ede9b422e`
20101206 14:35:10	`open_time=0.005`api=http://api.u.uc.cn/restserver.php?reason=%3A10%3A%E5%8A%A0%E9%80%9F%E5%8D%A1&amount=10&method=pay.withdraw&appKey=sanguo&v=2.0&sig=c83ae1e727b7afb3f8de8f5aff4ea7bc`
20101206 14:36:57	`open_time=0.005`api=http://api.u.uc.cn/restserver.php?uids=1005386%2C123456&method=user.getInfo&appKey=sanguo&v=2.0&sig=63d2d3c4cfe860930e1a5810e9917ecf`
20101206 14:36:57	`open_time=0.005`api=http://api.u.uc.cn/restserver.php?method=friends.get&appKey=sanguo&v=2.0&sig=568becf4b557b8b3b9fcae860dd641be`
20101206 14:36:57	`open_time=0.005`api=http://api.u.uc.cn/restserver.php?page=1&pageSize=10&method=friends.getFriends&appKey=sanguo&v=2.0&sig=694106b6d78f8452be02302c6e071230`
20101206 14:36:57	`open_time=0.005`api=http://api.u.uc.cn/restserver.php?method=util.getUcParam&appKey=sanguo&v=2.0&sig=5edb32bafaa89d173696d47211bbc77e`
20101206 14:36:57	`open_time=0.006`api=http://api.u.uc.cn/restserver.php?method=pay.getBalance&appKey=sanguo&v=2.0&sig=54213350abe730c320c35b3ede9b422e`
20101206 14:36:57	`open_time=0.005`api=http://api.u.uc.cn/restserver.php?reason=%3A10%3A%E5%8A%A0%E9%80%9F%E5%8D%A1&amount=10&method=pay.withdraw&appKey=sanguo&v=2.0&sig=c83ae1e727b7afb3f8de8f5aff4ea7bc`
20101206 14:36:57	`open_time=0.067`api=http://api.u.uc.cn/restserver.php?uids=1005386%2C123456&method=user.getInfo&appKey=sanguo&v=2.0&uzone_token=sJfCIMPFBZ7054xegP9l8gUN5%2BQzBj5TDxTvYRQIVeQNjUCCQ3LIV3MeYIBi7ARAp%2BloSco6zn8QDwZlfbFMYw%3D%3D&sig=00c60aa3640a9ee0fd89a56f28261677`
20101206 14:36:57	`open_time=0.031`api=http://api.u.uc.cn/restserver.php?method=friends.get&appKey=sanguo&v=2.0&uzone_token=sJfCIMPFBZ7054xegP9l8gUN5%2BQzBj5TDxTvYRQIVeQNjUCCQ3LIV3MeYIBi7ARAp%2BloSco6zn8QDwZlfbFMYw%3D%3D&sig=0c05c60ee1ad2adfc9007d42f1aa4d4c`
20101206 14:36:57	`open_time=0.06`api=http://api.u.uc.cn/restserver.php?page=1&pageSize=10&method=friends.getFriends&appKey=sanguo&v=2.0&uzone_token=sJfCIMPFBZ7054xegP9l8gUN5%2BQzBj5TDxTvYRQIVeQNjUCCQ3LIV3MeYIBi7ARAp%2BloSco6zn8QDwZlfbFMYw%3D%3D&sig=fae0aa1790ee75c1e6a31fa59f851cbd`
20101206 14:36:57	`open_time=0.037`api=http://api.u.uc.cn/restserver.php?method=util.getUcParam&appKey=sanguo&v=2.0&uzone_token=sJfCIMPFBZ7054xegP9l8gUN5%2BQzBj5TDxTvYRQIVeQNjUCCQ3LIV3MeYIBi7ARAp%2BloSco6zn8QDwZlfbFMYw%3D%3D&sig=f795b2e984bea77fa76dea9fb91dfe09`
20101206 14:36:57	`open_time=0.037`api=http://api.u.uc.cn/restserver.php?method=pay.getBalance&appKey=sanguo&v=2.0&uzone_token=sJfCIMPFBZ7054xegP9l8gUN5%2BQzBj5TDxTvYRQIVeQNjUCCQ3LIV3MeYIBi7ARAp%2BloSco6zn8QDwZlfbFMYw%3D%3D&sig=6b70771f62d88e39d58957d37844aff1`
20101206 14:36:57	`open_time=0.034`api=http://api.u.uc.cn/restserver.php?reason=%3A10%3A%E5%8A%A0%E9%80%9F%E5%8D%A1&amount=10&method=pay.withdraw&appKey=sanguo&v=2.0&uzone_token=sJfCIMPFBZ7054xegP9l8gUN5%2BQzBj5TDxTvYRQIVeQNjUCCQ3LIV3MeYIBi7ARAp%2BloSco6zn8QDwZlfbFMYw%3D%3D&sig=312fe23d7b5b610ae765b5f517389152`
20101206 14:37:08	`open_time=0.006`api=http://api.u.uc.cn/restserver.php?uids=1005386%2C123456&method=user.getInfo&appKey=sanguo&v=2.0&sig=63d2d3c4cfe860930e1a5810e9917ecf`
20101206 14:37:08	`open_time=0.006`api=http://api.u.uc.cn/restserver.php?method=friends.get&appKey=sanguo&v=2.0&sig=568becf4b557b8b3b9fcae860dd641be`
20101206 14:37:08	`open_time=0.006`api=http://api.u.uc.cn/restserver.php?page=1&pageSize=10&method=friends.getFriends&appKey=sanguo&v=2.0&sig=694106b6d78f8452be02302c6e071230`
20101206 14:37:08	`open_time=0.006`api=http://api.u.uc.cn/restserver.php?method=util.getUcParam&appKey=sanguo&v=2.0&sig=5edb32bafaa89d173696d47211bbc77e`
20101206 14:37:08	`open_time=0.006`api=http://api.u.uc.cn/restserver.php?method=pay.getBalance&appKey=sanguo&v=2.0&sig=54213350abe730c320c35b3ede9b422e`
20101206 14:37:08	`open_time=0.006`api=http://api.u.uc.cn/restserver.php?reason=%3A10%3A%E5%8A%A0%E9%80%9F%E5%8D%A1&amount=10&method=pay.withdraw&appKey=sanguo&v=2.0&sig=c83ae1e727b7afb3f8de8f5aff4ea7bc`
20101206 14:37:09	`open_time=0.055`api=http://api.u.uc.cn/restserver.php?uids=1005386%2C123456&method=user.getInfo&appKey=sanguo&v=2.0&uzone_token=jBpGaN9UxLWXxJ3z25l8mSHJN2ZttZ3Q17IbXS3KMsV6hjC9YIpKYMq6nhgzYrOA2wRSgmre95XDUMonGOtZlg%3D%3D&sig=5fad874c00d6b2e6caecda0566612ba5`
20101206 14:37:09	`open_time=0.031`api=http://api.u.uc.cn/restserver.php?method=friends.get&appKey=sanguo&v=2.0&uzone_token=jBpGaN9UxLWXxJ3z25l8mSHJN2ZttZ3Q17IbXS3KMsV6hjC9YIpKYMq6nhgzYrOA2wRSgmre95XDUMonGOtZlg%3D%3D&sig=2dd252e0fed4ef755afc5db25a29bb23`
20101206 14:37:09	`open_time=0.054`api=http://api.u.uc.cn/restserver.php?page=1&pageSize=10&method=friends.getFriends&appKey=sanguo&v=2.0&uzone_token=jBpGaN9UxLWXxJ3z25l8mSHJN2ZttZ3Q17IbXS3KMsV6hjC9YIpKYMq6nhgzYrOA2wRSgmre95XDUMonGOtZlg%3D%3D&sig=5f5722552aa3ad4839fcacd00979ba2b`
20101206 14:37:09	`open_time=0.044`api=http://api.u.uc.cn/restserver.php?method=util.getUcParam&appKey=sanguo&v=2.0&uzone_token=jBpGaN9UxLWXxJ3z25l8mSHJN2ZttZ3Q17IbXS3KMsV6hjC9YIpKYMq6nhgzYrOA2wRSgmre95XDUMonGOtZlg%3D%3D&sig=206a3b255d22d24431510a9f1a388b10`
20101206 14:37:09	`open_time=0.03`api=http://api.u.uc.cn/restserver.php?method=pay.getBalance&appKey=sanguo&v=2.0&uzone_token=jBpGaN9UxLWXxJ3z25l8mSHJN2ZttZ3Q17IbXS3KMsV6hjC9YIpKYMq6nhgzYrOA2wRSgmre95XDUMonGOtZlg%3D%3D&sig=24b7639573d3e7240f413ca3e81be1bd`
20101206 14:37:09	`open_time=0.037`api=http://api.u.uc.cn/restserver.php?reason=%3A10%3A%E5%8A%A0%E9%80%9F%E5%8D%A1&amount=10&method=pay.withdraw&appKey=sanguo&v=2.0&uzone_token=jBpGaN9UxLWXxJ3z25l8mSHJN2ZttZ3Q17IbXS3KMsV6hjC9YIpKYMq6nhgzYrOA2wRSgmre95XDUMonGOtZlg%3D%3D&sig=40726aaa641b424930ebdc24d8a6a5b8`
20101206 14:37:52	`open_time=0.053`api=http://api.u.uc.cn/restserver.php?uids=1005386%2C123456&method=user.getInfo&appKey=sanguo&v=2.0&uzone_token=jBpGaN9UxLWXxJ3z25l8mSHJN2ZttZ3Q17IbXS3KMsV6hjC9YIpKYMq6nhgzYrOA2wRSgmre95XDUMonGOtZlg%3D%3D&sig=5fad874c00d6b2e6caecda0566612ba5`
20101206 14:37:52	`open_time=0.033`api=http://api.u.uc.cn/restserver.php?method=friends.get&appKey=sanguo&v=2.0&uzone_token=jBpGaN9UxLWXxJ3z25l8mSHJN2ZttZ3Q17IbXS3KMsV6hjC9YIpKYMq6nhgzYrOA2wRSgmre95XDUMonGOtZlg%3D%3D&sig=2dd252e0fed4ef755afc5db25a29bb23`
20101206 14:37:52	`open_time=0.06`api=http://api.u.uc.cn/restserver.php?page=1&pageSize=10&method=friends.getFriends&appKey=sanguo&v=2.0&uzone_token=jBpGaN9UxLWXxJ3z25l8mSHJN2ZttZ3Q17IbXS3KMsV6hjC9YIpKYMq6nhgzYrOA2wRSgmre95XDUMonGOtZlg%3D%3D&sig=5f5722552aa3ad4839fcacd00979ba2b`
20101206 14:37:52	`open_time=0.04`api=http://api.u.uc.cn/restserver.php?method=util.getUcParam&appKey=sanguo&v=2.0&uzone_token=jBpGaN9UxLWXxJ3z25l8mSHJN2ZttZ3Q17IbXS3KMsV6hjC9YIpKYMq6nhgzYrOA2wRSgmre95XDUMonGOtZlg%3D%3D&sig=206a3b255d22d24431510a9f1a388b10`
20101206 14:37:52	`open_time=0.036`api=http://api.u.uc.cn/restserver.php?method=pay.getBalance&appKey=sanguo&v=2.0&uzone_token=jBpGaN9UxLWXxJ3z25l8mSHJN2ZttZ3Q17IbXS3KMsV6hjC9YIpKYMq6nhgzYrOA2wRSgmre95XDUMonGOtZlg%3D%3D&sig=24b7639573d3e7240f413ca3e81be1bd`
20101206 14:37:52	`open_time=0.034`api=http://api.u.uc.cn/restserver.php?reason=%3A10%3A%E5%8A%A0%E9%80%9F%E5%8D%A1&amount=10&method=pay.withdraw&appKey=sanguo&v=2.0&uzone_token=jBpGaN9UxLWXxJ3z25l8mSHJN2ZttZ3Q17IbXS3KMsV6hjC9YIpKYMq6nhgzYrOA2wRSgmre95XDUMonGOtZlg%3D%3D&sig=40726aaa641b424930ebdc24d8a6a5b8`
20101206 14:39:16	`open_time=0.073`api=http://api.u.uc.cn/restserver.php?uids=1005386%2C123456&method=user.getInfo&appKey=sanguo&v=2.0&uzone_token=jBpGaN9UxLWXxJ3z25l8mSHJN2ZttZ3Q17IbXS3KMsV6hjC9YIpKYMq6nhgzYrOA2wRSgmre95XDUMonGOtZlg%3D%3D&sig=5fad874c00d6b2e6caecda0566612ba5`
20101206 14:39:16	`open_time=0.051`api=http://api.u.uc.cn/restserver.php?method=friends.get&appKey=sanguo&v=2.0&uzone_token=jBpGaN9UxLWXxJ3z25l8mSHJN2ZttZ3Q17IbXS3KMsV6hjC9YIpKYMq6nhgzYrOA2wRSgmre95XDUMonGOtZlg%3D%3D&sig=2dd252e0fed4ef755afc5db25a29bb23`
20101206 14:39:16	`open_time=0.056`api=http://api.u.uc.cn/restserver.php?page=1&pageSize=10&method=friends.getFriends&appKey=sanguo&v=2.0&uzone_token=jBpGaN9UxLWXxJ3z25l8mSHJN2ZttZ3Q17IbXS3KMsV6hjC9YIpKYMq6nhgzYrOA2wRSgmre95XDUMonGOtZlg%3D%3D&sig=5f5722552aa3ad4839fcacd00979ba2b`
20101206 14:39:16	`open_time=0.037`api=http://api.u.uc.cn/restserver.php?method=util.getUcParam&appKey=sanguo&v=2.0&uzone_token=jBpGaN9UxLWXxJ3z25l8mSHJN2ZttZ3Q17IbXS3KMsV6hjC9YIpKYMq6nhgzYrOA2wRSgmre95XDUMonGOtZlg%3D%3D&sig=206a3b255d22d24431510a9f1a388b10`
20101206 14:39:16	`open_time=0.029`api=http://api.u.uc.cn/restserver.php?method=pay.getBalance&appKey=sanguo&v=2.0&uzone_token=jBpGaN9UxLWXxJ3z25l8mSHJN2ZttZ3Q17IbXS3KMsV6hjC9YIpKYMq6nhgzYrOA2wRSgmre95XDUMonGOtZlg%3D%3D&sig=24b7639573d3e7240f413ca3e81be1bd`
20101206 14:39:16	`open_time=0.033`api=http://api.u.uc.cn/restserver.php?reason=%3A10%3A%E5%8A%A0%E9%80%9F%E5%8D%A1&amount=10&method=pay.withdraw&appKey=sanguo&v=2.0&uzone_token=jBpGaN9UxLWXxJ3z25l8mSHJN2ZttZ3Q17IbXS3KMsV6hjC9YIpKYMq6nhgzYrOA2wRSgmre95XDUMonGOtZlg%3D%3D&sig=40726aaa641b424930ebdc24d8a6a5b8`
20101206 14:41:23	`open_time=0.048`api=http://api.u.uc.cn/restserver.php?type=header&method=layout.get&appKey=sanguo&v=2.0&uzone_token=jBpGaN9UxLWXxJ3z25l8mSHJN2ZttZ3Q17IbXS3KMsV6hjC9YIpKYMq6nhgzYrOA2wRSgmre95XDUMonGOtZlg%3D%3D&sig=c735ade908f593afdcef822ea8e84a6a`
20101206 14:41:23	`open_time=0.054`api=http://api.u.uc.cn/restserver.php?uids=1005386%2C123456&method=user.getInfo&appKey=sanguo&v=2.0&uzone_token=jBpGaN9UxLWXxJ3z25l8mSHJN2ZttZ3Q17IbXS3KMsV6hjC9YIpKYMq6nhgzYrOA2wRSgmre95XDUMonGOtZlg%3D%3D&sig=5fad874c00d6b2e6caecda0566612ba5`
20101206 14:41:23	`open_time=0.038`api=http://api.u.uc.cn/restserver.php?method=friends.get&appKey=sanguo&v=2.0&uzone_token=jBpGaN9UxLWXxJ3z25l8mSHJN2ZttZ3Q17IbXS3KMsV6hjC9YIpKYMq6nhgzYrOA2wRSgmre95XDUMonGOtZlg%3D%3D&sig=2dd252e0fed4ef755afc5db25a29bb23`
20101206 14:41:23	`open_time=0.065`api=http://api.u.uc.cn/restserver.php?page=1&pageSize=10&method=friends.getFriends&appKey=sanguo&v=2.0&uzone_token=jBpGaN9UxLWXxJ3z25l8mSHJN2ZttZ3Q17IbXS3KMsV6hjC9YIpKYMq6nhgzYrOA2wRSgmre95XDUMonGOtZlg%3D%3D&sig=5f5722552aa3ad4839fcacd00979ba2b`
20101206 14:41:23	`open_time=0.038`api=http://api.u.uc.cn/restserver.php?method=util.getUcParam&appKey=sanguo&v=2.0&uzone_token=jBpGaN9UxLWXxJ3z25l8mSHJN2ZttZ3Q17IbXS3KMsV6hjC9YIpKYMq6nhgzYrOA2wRSgmre95XDUMonGOtZlg%3D%3D&sig=206a3b255d22d24431510a9f1a388b10`
20101206 14:41:23	`open_time=0.032`api=http://api.u.uc.cn/restserver.php?method=pay.getBalance&appKey=sanguo&v=2.0&uzone_token=jBpGaN9UxLWXxJ3z25l8mSHJN2ZttZ3Q17IbXS3KMsV6hjC9YIpKYMq6nhgzYrOA2wRSgmre95XDUMonGOtZlg%3D%3D&sig=24b7639573d3e7240f413ca3e81be1bd`
20101206 14:41:23	`open_time=0.034`api=http://api.u.uc.cn/restserver.php?reason=%3A10%3A%E5%8A%A0%E9%80%9F%E5%8D%A1&amount=10&method=pay.withdraw&appKey=sanguo&v=2.0&uzone_token=jBpGaN9UxLWXxJ3z25l8mSHJN2ZttZ3Q17IbXS3KMsV6hjC9YIpKYMq6nhgzYrOA2wRSgmre95XDUMonGOtZlg%3D%3D&sig=40726aaa641b424930ebdc24d8a6a5b8`
20101206 14:41:23	`open_time=0.051`api=http://api.u.uc.cn/restserver.php?type=footer&method=layout.get&appKey=sanguo&v=2.0&uzone_token=jBpGaN9UxLWXxJ3z25l8mSHJN2ZttZ3Q17IbXS3KMsV6hjC9YIpKYMq6nhgzYrOA2wRSgmre95XDUMonGOtZlg%3D%3D&sig=665ebfa3a73972c1262c1cc78e73c330`
20101206 14:42:23	`open_time=0.051`api=http://api.u.uc.cn/restserver.php?type=header&method=layout.get&appKey=sanguo&v=2.0&uzone_token=jBpGaN9UxLWXxJ3z25l8mSHJN2ZttZ3Q17IbXS3KMsV6hjC9YIpKYMq6nhgzYrOA2wRSgmre95XDUMonGOtZlg%3D%3D&sig=c735ade908f593afdcef822ea8e84a6a`
20101206 14:42:23	`open_time=0.054`api=http://api.u.uc.cn/restserver.php?uids=1005386%2C123456&method=user.getInfo&appKey=sanguo&v=2.0&uzone_token=jBpGaN9UxLWXxJ3z25l8mSHJN2ZttZ3Q17IbXS3KMsV6hjC9YIpKYMq6nhgzYrOA2wRSgmre95XDUMonGOtZlg%3D%3D&sig=5fad874c00d6b2e6caecda0566612ba5`
20101206 14:42:23	`open_time=0.034`api=http://api.u.uc.cn/restserver.php?method=friends.get&appKey=sanguo&v=2.0&uzone_token=jBpGaN9UxLWXxJ3z25l8mSHJN2ZttZ3Q17IbXS3KMsV6hjC9YIpKYMq6nhgzYrOA2wRSgmre95XDUMonGOtZlg%3D%3D&sig=2dd252e0fed4ef755afc5db25a29bb23`
20101206 14:42:23	`open_time=0.061`api=http://api.u.uc.cn/restserver.php?page=1&pageSize=10&method=friends.getFriends&appKey=sanguo&v=2.0&uzone_token=jBpGaN9UxLWXxJ3z25l8mSHJN2ZttZ3Q17IbXS3KMsV6hjC9YIpKYMq6nhgzYrOA2wRSgmre95XDUMonGOtZlg%3D%3D&sig=5f5722552aa3ad4839fcacd00979ba2b`
20101206 14:42:23	`open_time=0.042`api=http://api.u.uc.cn/restserver.php?method=util.getUcParam&appKey=sanguo&v=2.0&uzone_token=jBpGaN9UxLWXxJ3z25l8mSHJN2ZttZ3Q17IbXS3KMsV6hjC9YIpKYMq6nhgzYrOA2wRSgmre95XDUMonGOtZlg%3D%3D&sig=206a3b255d22d24431510a9f1a388b10`
20101206 14:42:23	`open_time=0.032`api=http://api.u.uc.cn/restserver.php?method=pay.getBalance&appKey=sanguo&v=2.0&uzone_token=jBpGaN9UxLWXxJ3z25l8mSHJN2ZttZ3Q17IbXS3KMsV6hjC9YIpKYMq6nhgzYrOA2wRSgmre95XDUMonGOtZlg%3D%3D&sig=24b7639573d3e7240f413ca3e81be1bd`
20101206 14:42:23	`open_time=0.045`api=http://api.u.uc.cn/restserver.php?reason=%3A10%3A%E5%8A%A0%E9%80%9F%E5%8D%A1&amount=10&method=pay.withdraw&appKey=sanguo&v=2.0&uzone_token=jBpGaN9UxLWXxJ3z25l8mSHJN2ZttZ3Q17IbXS3KMsV6hjC9YIpKYMq6nhgzYrOA2wRSgmre95XDUMonGOtZlg%3D%3D&sig=40726aaa641b424930ebdc24d8a6a5b8`
20101206 14:42:23	`open_time=0.057`api=http://api.u.uc.cn/restserver.php?type=footer&method=layout.get&appKey=sanguo&v=2.0&uzone_token=jBpGaN9UxLWXxJ3z25l8mSHJN2ZttZ3Q17IbXS3KMsV6hjC9YIpKYMq6nhgzYrOA2wRSgmre95XDUMonGOtZlg%3D%3D&sig=665ebfa3a73972c1262c1cc78e73c330`
20101206 14:43:27	`open_time=0.053`api=http://api.u.uc.cn/restserver.php?type=header&method=layout.get&appKey=sanguo&v=2.0&uzone_token=jBpGaN9UxLWXxJ3z25l8mSHJN2ZttZ3Q17IbXS3KMsV6hjC9YIpKYMq6nhgzYrOA2wRSgmre95XDUMonGOtZlg%3D%3D&sig=c735ade908f593afdcef822ea8e84a6a`
20101206 14:43:27	`open_time=0.054`api=http://api.u.uc.cn/restserver.php?uids=1005386%2C123456&method=user.getInfo&appKey=sanguo&v=2.0&uzone_token=jBpGaN9UxLWXxJ3z25l8mSHJN2ZttZ3Q17IbXS3KMsV6hjC9YIpKYMq6nhgzYrOA2wRSgmre95XDUMonGOtZlg%3D%3D&sig=5fad874c00d6b2e6caecda0566612ba5`
20101206 14:43:27	`open_time=0.036`api=http://api.u.uc.cn/restserver.php?method=friends.get&appKey=sanguo&v=2.0&uzone_token=jBpGaN9UxLWXxJ3z25l8mSHJN2ZttZ3Q17IbXS3KMsV6hjC9YIpKYMq6nhgzYrOA2wRSgmre95XDUMonGOtZlg%3D%3D&sig=2dd252e0fed4ef755afc5db25a29bb23`
20101206 14:43:27	`open_time=0.057`api=http://api.u.uc.cn/restserver.php?page=1&pageSize=10&method=friends.getFriends&appKey=sanguo&v=2.0&uzone_token=jBpGaN9UxLWXxJ3z25l8mSHJN2ZttZ3Q17IbXS3KMsV6hjC9YIpKYMq6nhgzYrOA2wRSgmre95XDUMonGOtZlg%3D%3D&sig=5f5722552aa3ad4839fcacd00979ba2b`
20101206 14:43:27	`open_time=0.042`api=http://api.u.uc.cn/restserver.php?method=util.getUcParam&appKey=sanguo&v=2.0&uzone_token=jBpGaN9UxLWXxJ3z25l8mSHJN2ZttZ3Q17IbXS3KMsV6hjC9YIpKYMq6nhgzYrOA2wRSgmre95XDUMonGOtZlg%3D%3D&sig=206a3b255d22d24431510a9f1a388b10`
20101206 14:43:27	`open_time=0.03`api=http://api.u.uc.cn/restserver.php?method=pay.getBalance&appKey=sanguo&v=2.0&uzone_token=jBpGaN9UxLWXxJ3z25l8mSHJN2ZttZ3Q17IbXS3KMsV6hjC9YIpKYMq6nhgzYrOA2wRSgmre95XDUMonGOtZlg%3D%3D&sig=24b7639573d3e7240f413ca3e81be1bd`
20101206 14:43:27	`open_time=0.033`api=http://api.u.uc.cn/restserver.php?reason=%3A10%3A%E5%8A%A0%E9%80%9F%E5%8D%A1&amount=10&method=pay.withdraw&appKey=sanguo&v=2.0&uzone_token=jBpGaN9UxLWXxJ3z25l8mSHJN2ZttZ3Q17IbXS3KMsV6hjC9YIpKYMq6nhgzYrOA2wRSgmre95XDUMonGOtZlg%3D%3D&sig=40726aaa641b424930ebdc24d8a6a5b8`
20101206 14:43:27	`open_time=0.059`api=http://api.u.uc.cn/restserver.php?type=footer&method=layout.get&appKey=sanguo&v=2.0&uzone_token=jBpGaN9UxLWXxJ3z25l8mSHJN2ZttZ3Q17IbXS3KMsV6hjC9YIpKYMq6nhgzYrOA2wRSgmre95XDUMonGOtZlg%3D%3D&sig=665ebfa3a73972c1262c1cc78e73c330`
20101206 14:45:29	`open_time=0.052`api=http://api.u.uc.cn/restserver.php?type=header&method=layout.get&appKey=sanguo&v=2.0&uzone_token=jBpGaN9UxLWXxJ3z25l8mSHJN2ZttZ3Q17IbXS3KMsV6hjC9YIpKYMq6nhgzYrOA2wRSgmre95XDUMonGOtZlg%3D%3D&sig=c735ade908f593afdcef822ea8e84a6a`
20101206 14:45:29	`open_time=0.059`api=http://api.u.uc.cn/restserver.php?uids=1005386%2C123456&method=user.getInfo&appKey=sanguo&v=2.0&uzone_token=jBpGaN9UxLWXxJ3z25l8mSHJN2ZttZ3Q17IbXS3KMsV6hjC9YIpKYMq6nhgzYrOA2wRSgmre95XDUMonGOtZlg%3D%3D&sig=5fad874c00d6b2e6caecda0566612ba5`
20101206 14:45:29	`open_time=0.045`api=http://api.u.uc.cn/restserver.php?method=friends.get&appKey=sanguo&v=2.0&uzone_token=jBpGaN9UxLWXxJ3z25l8mSHJN2ZttZ3Q17IbXS3KMsV6hjC9YIpKYMq6nhgzYrOA2wRSgmre95XDUMonGOtZlg%3D%3D&sig=2dd252e0fed4ef755afc5db25a29bb23`
20101206 14:45:29	`open_time=0.061`api=http://api.u.uc.cn/restserver.php?page=1&pageSize=10&method=friends.getFriends&appKey=sanguo&v=2.0&uzone_token=jBpGaN9UxLWXxJ3z25l8mSHJN2ZttZ3Q17IbXS3KMsV6hjC9YIpKYMq6nhgzYrOA2wRSgmre95XDUMonGOtZlg%3D%3D&sig=5f5722552aa3ad4839fcacd00979ba2b`
20101206 14:45:29	`open_time=0.043`api=http://api.u.uc.cn/restserver.php?method=util.getUcParam&appKey=sanguo&v=2.0&uzone_token=jBpGaN9UxLWXxJ3z25l8mSHJN2ZttZ3Q17IbXS3KMsV6hjC9YIpKYMq6nhgzYrOA2wRSgmre95XDUMonGOtZlg%3D%3D&sig=206a3b255d22d24431510a9f1a388b10`
20101206 14:45:29	`open_time=0.031`api=http://api.u.uc.cn/restserver.php?method=pay.getBalance&appKey=sanguo&v=2.0&uzone_token=jBpGaN9UxLWXxJ3z25l8mSHJN2ZttZ3Q17IbXS3KMsV6hjC9YIpKYMq6nhgzYrOA2wRSgmre95XDUMonGOtZlg%3D%3D&sig=24b7639573d3e7240f413ca3e81be1bd`
20101206 14:45:29	`open_time=0.038`api=http://api.u.uc.cn/restserver.php?reason=%3A10%3A%E5%8A%A0%E9%80%9F%E5%8D%A1&amount=10&method=pay.withdraw&appKey=sanguo&v=2.0&uzone_token=jBpGaN9UxLWXxJ3z25l8mSHJN2ZttZ3Q17IbXS3KMsV6hjC9YIpKYMq6nhgzYrOA2wRSgmre95XDUMonGOtZlg%3D%3D&sig=40726aaa641b424930ebdc24d8a6a5b8`
20101206 14:45:30	`open_time=0.053`api=http://api.u.uc.cn/restserver.php?type=footer&method=layout.get&appKey=sanguo&v=2.0&uzone_token=jBpGaN9UxLWXxJ3z25l8mSHJN2ZttZ3Q17IbXS3KMsV6hjC9YIpKYMq6nhgzYrOA2wRSgmre95XDUMonGOtZlg%3D%3D&sig=665ebfa3a73972c1262c1cc78e73c330`
